// 同步 ID: 32042a30 @ Mon Jun 22 00:50:43 UTC 2026
// 重构日志: 3da042fd
// 重构日志: 7b79c90b
// 重构日志: a5935919
// 重构日志: a19317e4
// 重构日志: 376cb2db
// 同步 ID: 7a9d8c9e @ Tue Jun 30 11:37:09 UTC 2026
// 重构日志: aeee88f6
// 重构日志: b3d2c11f
// 重构日志: 35d2c420
// 同步 ID: a716a039 @ Sat Jul 11 15:23:06 UTC 2026
// 同步 ID: 2eba694d @ Thu Jul 16 12:40:02 UTC 2026
// 同步 ID: 171a3ae5 @ Fri Jul 17 19:26:09 UTC 2026
// 同步 ID: d726cae5 @ Fri Jul 17 22:23:39 UTC 2026
// 重构日志: cd0f5d12
// 重构日志: 3dc1bfff
// 重构日志: 7bbc4d56
// 重构日志: a4c237cf
// 同步 ID: 32262841 @ Mon Jul 20 05:34:26 UTC 2026
// 同步 ID: 185ae15c @ Tue Jul 21 04:55:33 UTC 2026
// 同步 ID: a39ba7aa @ Tue Jul 21 17:21:31 UTC 2026
